<?xml version="1.0" encoding="UTF-8" ?>
<testsuite errors="0" failures="1" hostname="BOSS" name="com.sapienter.jbilling.server.order.WSTest" tests="19" time="33.298" timestamp="2015-01-14T08:38:19">
  <properties>
    <property name="java.vendor" value="Oracle Corporation" />
    <property name="username" value="admin" />
    <property name="sun.java.launcher" value="SUN_STANDARD" />
    <property name="sun.management.compiler" value="HotSpot 64-Bit Tiered Compilers" />
    <property name="client.libs.present" value="true" />
    <property name="ant.file.type.bop" value="file" />
    <property name="torque.home.dir" value="/home/pccourt/software/torque/torque-gen-3.2" />
    <property name="source.server.package.dir" value="com/sapienter/jbilling/server" />
    <property name="os.name" value="Linux" />
    <property name="source.spring.descriptor.dir" value="/home/pccourt/software/jbilling/v2.2.0/solarbilling_src_v2.2.0/jbilling/src/descriptors/spring" />
    <property name="sun.boot.class.path" value="/usr/lib/jvm/jdk1.7.0/jre/lib/resources.jar:/usr/lib/jvm/jdk1.7.0/jre/lib/rt.jar:/usr/lib/jvm/jdk1.7.0/jre/lib/sunrsasign.jar:/usr/lib/jvm/jdk1.7.0/jre/lib/jsse.jar:/usr/lib/jvm/jdk1.7.0/jre/lib/jce.jar:/usr/lib/jvm/jdk1.7.0/jre/lib/charsets.jar:/usr/lib/jvm/jdk1.7.0/jre/lib/jfr.jar:/usr/lib/jvm/jdk1.7.0/jre/classes" />
    <property name="TODAY" value="January 14 2015" />
    <property name="sun.desktop" value="gnome" />
    <property name="java.vm.specification.vendor" value="Oracle Corporation" />
    <property name="server.web.dir" value="..//webapps" />
    <property name="ant.home" value="/usr/share/ant" />
    <property name="java.runtime.version" value="1.7.0_71-b14" />
    <property name="xdoclet.home.dir" value="/home/pccourt/software/jbilling/v2.2.0/solarbilling_src_v2.2.0/jbilling/src/libs/xdoclet" />
    <property name="source.cs.dir" value="/home/pccourt/software/jbilling/v2.2.0/solarbilling_src_v2.2.0/jbilling/src/cs" />
    <property name="user.name" value="pccourt" />
    <property name="source.rules.dir" value="/home/pccourt/software/jbilling/v2.2.0/solarbilling_src_v2.2.0/jbilling/src/descriptors/rules" />
    <property name="struts.home.tag.dir" value="/home/pccourt/software/jbilling/v2.2.0/solarbilling_src_v2.2.0/jbilling/src/libs/client/WEB-INF" />
    <property name="build.dir" value="/home/pccourt/software/jbilling/v2.2.0/solarbilling_src_v2.2.0/jbilling/src/build" />
    <property name="user.language" value="en" />
    <property name="build.api.dir" value="/home/pccourt/software/jbilling/v2.2.0/solarbilling_src_v2.2.0/jbilling/src/build/api" />
    <property name="source.web.descriptor.dir" value="/home/pccourt/software/jbilling/v2.2.0/solarbilling_src_v2.2.0/jbilling/src/descriptors/web" />
    <property name="sun.boot.library.path" value="/usr/lib/jvm/jdk1.7.0/jre/lib/amd64" />
    <property name="url" value="http://localhost:8080/manager" />
    <property name="ant.project.default-target" value="deploy-local" />
    <property name="ant.project.name" value="bop" />
    <property name="DSTAMP" value="20150114" />
    <property name="java.version" value="1.7.0_71" />
    <property name="version" value="1_1_3" />
    <property name="user.timezone" value="" />
    <property name="source.torque.descriptor.dir" value="/home/pccourt/software/jbilling/v2.2.0/solarbilling_src_v2.2.0/jbilling/src/descriptors/torque" />
    <property name="sun.arch.data.model" value="64" />
    <property name="java.endorsed.dirs" value="/usr/lib/jvm/jdk1.7.0/jre/lib/endorsed" />
    <property name="sun.cpu.isalist" value="" />
    <property name="build.view.dir" value="/home/pccourt/software/jbilling/v2.2.0/solarbilling_src_v2.2.0/jbilling/src/build/view" />
    <property name="sun.jnu.encoding" value="UTF-8" />
    <property name="file.encoding.pkg" value="sun.io" />
    <property name="spring.test.jar" value="/home/pccourt/software/jbilling/v2.2.0/solarbilling_src_v2.2.0/jbilling/src/libs/spring/spring-test.jar" />
    <property name="file.separator" value="/" />
    <property name="java.specification.name" value="Java Platform API Specification" />
    <property name="java.class.version" value="51.0" />
    <property name="source.test.dir" value="/home/pccourt/software/jbilling/v2.2.0/solarbilling_src_v2.2.0/jbilling/src/test" />
    <property name="build.classes.dir" value="/home/pccourt/software/jbilling/v2.2.0/solarbilling_src_v2.2.0/jbilling/src/build/classes" />
    <property name="user.country" value="NZ" />
    <property name="java.home" value="/usr/lib/jvm/jdk1.7.0/jre" />
    <property name="java.vm.info" value="mixed mode" />
    <property name="ant.file" value="/home/pccourt/software/jbilling/v2.2.0/solarbilling_src_v2.2.0/jbilling/src/build.xml" />
    <property name="os.version" value="3.8.0-35-generic" />
    <property name="deploy.local.dir" value="..//webapps" />
    <property name="taglib.home.dir" value="/home/pccourt/software/jbilling/v2.2.0/solarbilling_src_v2.2.0/jbilling/src/libs/client/WEB-INF" />
    <property name="path.separator" value=":" />
    <property name="java.vm.version" value="24.71-b01" />
    <property name="build.designs.dir" value="/home/pccourt/software/jbilling/v2.2.0/solarbilling_src_v2.2.0/jbilling/src/build/designs" />
    <property name="libs.client.dir" value="/home/pccourt/software/jbilling/v2.2.0/solarbilling_src_v2.2.0/jbilling/src/libs/client" />
    <property name="ant.library.dir" value="/usr/share/ant/lib" />
    <property name="source.mediation.descriptor.dir" value="/home/pccourt/software/jbilling/v2.2.0/solarbilling_src_v2.2.0/jbilling/src/descriptors/mediation" />
    <property name="source.descriptor.dir" value="/home/pccourt/software/jbilling/v2.2.0/solarbilling_src_v2.2.0/jbilling/src/descriptors" />
    <property name="java.awt.printerjob" value="sun.print.PSPrinterJob" />
    <property name="path" value="/billing" />
    <property name="sun.io.unicode.encoding" value="UnicodeLittle" />
    <property name="awt.toolkit" value="sun.awt.X11.XToolkit" />
    <property name="source.documentation.dir" value="/home/pccourt/software/jbilling/v2.2.0/solarbilling_src_v2.2.0/jbilling/src/documentation/user/docs" />
    <property name="source.classes.dir" value="/home/pccourt/software/jbilling/v2.2.0/solarbilling_src_v2.2.0/jbilling/src/classes" />
    <property name="user.home" value="/home/pccourt" />
    <property name="java.specification.vendor" value="Oracle Corporation" />
    <property name="java.vendor.url" value="http://java.oracle.com/" />
    <property name="build.test-results.dir" value="/home/pccourt/software/jbilling/v2.2.0/solarbilling_src_v2.2.0/jbilling/src/build/test-results" />
    <property name="junit.dir" value="/home/pccourt/software/jbilling/v2.2.0/solarbilling_src_v2.2.0/jbilling/src/libs/junit" />
    <property name="java.library.path" value="/opt/postgres/9.3/lib::/usr/java/packages/lib/amd64:/usr/lib64:/lib64:/lib:/usr/lib" />
    <property name="java.vm.vendor" value="Oracle Corporation" />
    <property name="source.client.package.dir" value="com/sapienter/jbilling/client" />
    <property name="java.runtime.name" value="Java(TM) SE Runtime Environment" />
    <property name="ant.version" value="Apache Ant(TM) version 1.8.2 compiled on May 18 2012" />
    <property name="sun.java.command" value="org.apache.tools.ant.launch.Launcher -cp  test-ws" />
    <property name="java.class.path" value="/usr/share/ant/lib/ant-launcher.jar:/usr/share/java/xmlParserAPIs.jar:/usr/share/java/xercesImpl.jar:/usr/share/ant/lib/ant-jdepend.jar:/usr/share/ant/lib/ant-apache-resolver.jar:/usr/share/ant/lib/ant.jar:/usr/share/ant/lib/catalina-ant.jar:/usr/share/ant/lib/tomcat-coyote.jar:/usr/share/ant/lib/ant-apache-xalan2.jar:/usr/share/ant/lib/ant-jsch.jar:/usr/share/ant/lib/ant-javamail.jar:/usr/share/ant/lib/ant-jmf.jar:/usr/share/ant/lib/ant-apache-bcel.jar:/usr/share/ant/lib/ant-antlr.jar:/usr/share/ant/lib/ant-swing.jar:/usr/share/ant/lib/ant-junit.jar:/usr/share/ant/lib/ant-apache-log4j.jar:/usr/share/ant/lib/ant-junit4.jar:/usr/share/ant/lib/ant-apache-regexp.jar:/usr/share/ant/lib/ant-apache-bsf.jar:/usr/share/ant/lib/ant-testutil.jar:/usr/share/ant/lib/ant-commons-net.jar:/usr/share/ant/lib/ant-launcher.jar:/usr/share/ant/lib/tomcat-juli.jar:/usr/share/ant/lib/ant-apache-oro.jar:/usr/share/ant/lib/ant-commons-logging.jar:/usr/lib/jvm/jdk1.7.0/lib/tools.jar" />
    <property name="jbilling.conf.dir" value="..//conf" />
    <property name="TSTAMP" value="2138" />
    <property name="source.resources.descriptor.dir" value="/home/pccourt/software/jbilling/v2.2.0/solarbilling_src_v2.2.0/jbilling/src/descriptors/resources" />
    <property name="deploy.resources.dir" value="/home/pccourt/software/jbilling/v2.2.0/solarbilling_src_v2.2.0/jbilling/src/../resources" />
    <property name="ant.file.bop" value="/home/pccourt/software/jbilling/v2.2.0/solarbilling_src_v2.2.0/jbilling/src/build.xml" />
    <property name="drools-api.jar" value="/home/pccourt/software/jbilling/v2.2.0/solarbilling_src_v2.2.0/jbilling/src/libs/drools/drools-api-5.0.1.jar" />
    <property name="libs.dir" value="/home/pccourt/software/jbilling/v2.2.0/solarbilling_src_v2.2.0/jbilling/src/libs" />
    <property name="java.vm.specification.name" value="Java Virtual Machine Specification" />
    <property name="ant.file.type" value="file" />
    <property name="easymock.dir" value="/home/pccourt/software/jbilling/v2.2.0/solarbilling_src_v2.2.0/jbilling/src/libs/easymock" />
    <property name="java.vm.specification.version" value="1.7" />
    <property name="sun.os.patch.level" value="unknown" />
    <property name="sun.cpu.endian" value="little" />
    <property name="java.io.tmpdir" value="/tmp" />
    <property name="java.vendor.url.bug" value="http://bugreport.sun.com/bugreport/" />
    <property name="source.lib.dir" value="/home/pccourt/software/jbilling/v2.2.0/solarbilling_src_v2.2.0/jbilling/src/jars" />
    <property name="java.awt.graphicsenv" value="sun.awt.X11GraphicsEnvironment" />
    <property name="os.arch" value="amd64" />
    <property name="build.deploy.dir" value="/home/pccourt/software/jbilling/v2.2.0/solarbilling_src_v2.2.0/jbilling/src/build/deploy" />
    <property name="java.ext.dirs" value="/usr/lib/jvm/jdk1.7.0/jre/lib/ext:/usr/java/packages/lib/ext" />
    <property name="user.dir" value="/home/pccourt/software/jbilling/v2.2.0/solarbilling_src_v2.2.0/jbilling/src" />
    <property name="password" value="123qwe" />
    <property name="build.test.dir" value="/home/pccourt/software/jbilling/v2.2.0/solarbilling_src_v2.2.0/jbilling/src/build/test" />
    <property name="line.separator" value="&#xa;" />
    <property name="java.vm.name" value="Java HotSpot(TM) 64-Bit Server VM" />
    <property name="source.view.dir" value="/home/pccourt/software/jbilling/v2.2.0/solarbilling_src_v2.2.0/jbilling/src/view" />
    <property name="basedir" value="/home/pccourt/software/jbilling/v2.2.0/solarbilling_src_v2.2.0/jbilling/src" />
    <property name="ant.java.version" value="1.7" />
    <property name="ant.core.lib" value="/usr/share/ant/lib/ant.jar" />
    <property name="source.sql.dir" value="/home/pccourt/software/jbilling/v2.2.0/solarbilling_src_v2.2.0/jbilling/src/sql" />
    <property name="image.target.dir" value="/home/pccourt/software/jbilling/bop/image/target" />
    <property name="file.encoding" value="UTF-8" />
    <property name="image.source.dir" value="/home/pccourt/software/jbilling/bop/image/source" />
    <property name="source.dir" value="/home/pccourt/software/jbilling/v2.2.0/solarbilling_src_v2.2.0/jbilling/src" />
    <property name="digester.jar" value="/home/pccourt/software/jbilling/v2.2.0/solarbilling_src_v2.2.0/jbilling/src/libs/client/commons-digester-1.8.jar" />
    <property name="source.common.package.dir" value="com/sapienter/jbilling/common" />
    <property name="server.dir" value="../" />
    <property name="java.specification.version" value="1.7" />
    <property name="ant.project.invoked-targets" value="test-ws" />
    <property name="tools.dir" value="../" />
    <property name="base_dir" value="/home/pccourt/software/jbilling/v2.2.0/solarbilling_src_v2.2.0/jbilling/src/descriptors" />
  </properties>
  <testcase classname="com.sapienter.jbilling.server.order.WSTest" name="testcreateOrderAndInvoiceAutoCreatesAnInvoice" time="12.264" />
  <testcase classname="com.sapienter.jbilling.server.order.WSTest" name="testCreateNotActiveOrderDoesNotCreateInvoices" time="0.426" />
  <testcase classname="com.sapienter.jbilling.server.order.WSTest" name="testCreatedOrderIsCorrect" time="0.523" />
  <testcase classname="com.sapienter.jbilling.server.order.WSTest" name="testAutoCreatedInvoiceIsCorrect" time="0.49" />
  <testcase classname="com.sapienter.jbilling.server.order.WSTest" name="testAutoCreatedInvoiceIsPayable" time="1.67" />
  <testcase classname="com.sapienter.jbilling.server.order.WSTest" name="testEmptyInvoiceIsNotPayable" time="0.269" />
  <testcase classname="com.sapienter.jbilling.server.order.WSTest" name="testCreateUpdateDelete" time="6.874" />
  <testcase classname="com.sapienter.jbilling.server.order.WSTest" name="testUpdateLines" time="0.59" />
  <testcase classname="com.sapienter.jbilling.server.order.WSTest" name="testRecreate" time="0.391" />
  <testcase classname="com.sapienter.jbilling.server.order.WSTest" name="testRefundAndCancelFee" time="2.986" />
  <testcase classname="com.sapienter.jbilling.server.order.WSTest" name="testDefaultCycleStart" time="1.026" />
  <testcase classname="com.sapienter.jbilling.server.order.WSTest" name="testPlan" time="0.416" />
  <testcase classname="com.sapienter.jbilling.server.order.WSTest" name="testInternalEventsRulesTask" time="0.895" />
  <testcase classname="com.sapienter.jbilling.server.order.WSTest" name="testCurrentOrder" time="2.929" />
  <testcase classname="com.sapienter.jbilling.server.order.WSTest" name="testIsUserSubscribedTo" time="0.073" />
  <testcase classname="com.sapienter.jbilling.server.order.WSTest" name="testGetUserItemsByCategory" time="0.084" />
  <testcase classname="com.sapienter.jbilling.server.order.WSTest" name="testMainOrder" time="0.567" />
  <testcase classname="com.sapienter.jbilling.server.order.WSTest" name="testOrderLineDescriptionLanguage" time="0.393" />
  <testcase classname="com.sapienter.jbilling.server.order.WSTest" name="testItemSwappingRules" time="0.214">
    <failure message="Order should have the included in plan line expected:&lt;2601&gt; but was:&lt;2602&gt;" type="junit.framework.AssertionFailedError">junit.framework.AssertionFailedError: Order should have the included in plan line expected:&lt;2601&gt; but was:&lt;2602&gt;
	at com.sapienter.jbilling.server.order.WSTest.testItemSwappingRules(WSTest.java:1222)
</failure>
  </testcase>
  <system-out><![CDATA[Creating order ...
Created invoice 8607
Getting created order 107908
Getting bad order line
Getting created order line
Updating bad order line
Update order line 208117
Delete order line
pausing for 2000 ms...
Updating order...
Updating bad order...
Getting updated order 
Getting latest
Getting latest invalid
Getting last 5 ... 
Getting last 5 - invalid
Deleteing order 107908
Getting deleted order 
Getting orders by period for invalid user 107908
Getting orders by period 
Got total orders 13 first is 1
Create an order with pre-authorization107908
Order pre-authorized. Approval code = null
pausing for 2000 ms...
Getting latest
Order created with ID = 107909
Deleteing order 107909
Got order with 1 lines
Adding one order line
Got updated order with 2 lines
lines now 3
Adding another order line
Got updated order with 3 lines
Creating order ...
Updating quantities of order ...
Getting last 3 orders ...
Creating order ...
Getting last 2 orders ...
Creating main subscription order ...
Creating test order ...
Creating test order ...
Creating test order ...
Creating plan order ...
Making current order 'finished'
Sending event again
Gandalf's main order = 1055
Gandalf's new main order = 1
Testing item swapping - included in plan
]]></system-out>
  <system-err><![CDATA[log4j:WARN No appenders could be found for logger (org.springframework.context.support.ClassPathXmlApplicationContext).
log4j:WARN Please initialize the log4j system properly.
]]></system-err>
</testsuite>
